{"uuid":"ab669e6b-00e0-45c5-960a-a8711054ff33","historyId":"38a0d0d81cdc4bfc711070192ba71984","fullName":"src/test/resources/features/C.LoginValidation.feature:37","labels":[{"name":"host","value":"DESKTOP-5VHFP6V"},{"name":"thread","value":"31092@DESKTOP-5VHFP6V.main(1)"},{"name":"feature","value":"Login Page Validation"},{"name":"story","value":"The admin is presented with an error message"},{"name":"suite","value":"Login Page Validation"},{"name":"testClass","value":"The admin is presented with an error message"},{"name":"framework","value":"cucumber4jvm"},{"name":"language","value":"java"},{"name":"gherkin_uri","value":"file:///D:/LMS_UI/TEAM5_Validation_Vanguards_LMS_Project/src/test/resources/features/C.LoginValidation.feature"},{"name":"package","value":"src.test.resources.features.C_LoginValidation_feature.Login Page Validation"}],"links":[],"name":"The admin is presented with an error message","status":"failed","statusDetails":{"known":false,"muted":false,"flaky":false,"message":"Error message does not match expected:<Please enter your username and password> but was:<Please fill out this field.>","trace":"java.lang.AssertionError: Error message does not match expected:<Please enter your username and password> but was:<Please fill out this field.>\r\n\tat org.testng.AssertJUnit.assertEquals(AssertJUnit.java:115)\r\n\tat step_definitions.LoginValidation_Step.the_user_should_see_the_error_message_indicating_please_fill_out_this_field(LoginValidation_Step.java:118)\r\n\tat ✽.the user should see the error message indicating \"\"Please fill out this field.\"\"(file:///D:/LMS_UI/TEAM5_Validation_Vanguards_LMS_Project/src/test/resources/features/C.LoginValidation.feature:28)\r\n"},"stage":"finished","steps":[{"name":"Given  The admin is on Home page","status":"passed","statusDetails":{"known":false,"muted":false,"flaky":false},"stage":"finished","steps":[],"attachments":[],"parameters":[],"start":1714607261268,"stop":1714607262407},{"name":"When  The admin enters \"\", and \"\"","status":"passed","statusDetails":{"known":false,"muted":false,"flaky":false},"stage":"finished","steps":[],"attachments":[],"parameters":[],"start":1714607262408,"stop":1714607262725},{"name":"And  The admin clicks on the login button","status":"passed","statusDetails":{"known":false,"muted":false,"flaky":false},"stage":"finished","steps":[],"attachments":[],"parameters":[],"start":1714607262726,"stop":1714607262789},{"name":"Then  the user should see the error message indicating \"\"Please fill out this field.\"\"","status":"failed","statusDetails":{"known":false,"muted":false,"flaky":false,"message":"Error message does not match expected:<Please enter your username and password> but was:<Please fill out this field.>","trace":"java.lang.AssertionError: Error message does not match expected:<Please enter your username and password> but was:<Please fill out this field.>\r\n\tat org.testng.AssertJUnit.assertEquals(AssertJUnit.java:115)\r\n\tat step_definitions.LoginValidation_Step.the_user_should_see_the_error_message_indicating_please_fill_out_this_field(LoginValidation_Step.java:118)\r\n\tat ✽.the user should see the error message indicating \"\"Please fill out this field.\"\"(file:///D:/LMS_UI/TEAM5_Validation_Vanguards_LMS_Project/src/test/resources/features/C.LoginValidation.feature:28)\r\n"},"stage":"finished","steps":[],"attachments":[],"parameters":[],"start":1714607262790,"stop":1714607262843}],"attachments":[],"parameters":[{"name":"username","value":""},{"name":"password","value":""},{"name":"errormessage","value":"\"Please fill out this field.\""}],"start":1714607259167,"stop":1714607263783}