{"uuid":"b3561eb9-2989-4fa8-9145-0da24bf0f720","historyId":"3cfa818b725b71f65ba79f74e90b9997","fullName":"src/test/resources/features/C.LoginValidation.feature:35","labels":[{"name":"host","value":"DESKTOP-5VHFP6V"},{"name":"thread","value":"31092@DESKTOP-5VHFP6V.main(1)"},{"name":"feature","value":"Login Page Validation"},{"name":"story","value":"The admin is presented with an error message"},{"name":"suite","value":"Login Page Validation"},{"name":"testClass","value":"The admin is presented with an error message"},{"name":"framework","value":"cucumber4jvm"},{"name":"language","value":"java"},{"name":"gherkin_uri","value":"file:///D:/LMS_UI/TEAM5_Validation_Vanguards_LMS_Project/src/test/resources/features/C.LoginValidation.feature"},{"name":"package","value":"src.test.resources.features.C_LoginValidation_feature.Login Page Validation"}],"links":[],"name":"The admin is presented with an error message","status":"failed","statusDetails":{"known":false,"muted":false,"flaky":false,"message":"Error message does not match expected:<Please enter the username in correct format> but was:<>","trace":"java.lang.AssertionError: Error message does not match expected:<Please enter the username in correct format> but was:<>\r\n\tat org.testng.AssertJUnit.assertEquals(AssertJUnit.java:115)\r\n\tat step_definitions.LoginValidation_Step.the_user_should_see_the_error_message_indicating_please_enter_the_username_in_correct_format(LoginValidation_Step.java:105)\r\n\tat ✽.the user should see the error message indicating \"\"Please enter the username in correct format\"\"(file:///D:/LMS_UI/TEAM5_Validation_Vanguards_LMS_Project/src/test/resources/features/C.LoginValidation.feature:28)\r\n"},"stage":"finished","steps":[{"name":"Given  The admin is on Home page","status":"passed","statusDetails":{"known":false,"muted":false,"flaky":false},"stage":"finished","steps":[],"attachments":[],"parameters":[],"start":1714607251326,"stop":1714607252649},{"name":"When  The admin enters \"hhhhh\", and \"UIHackathon@02\"","status":"passed","statusDetails":{"known":false,"muted":false,"flaky":false},"stage":"finished","steps":[],"attachments":[],"parameters":[],"start":1714607252650,"stop":1714607253079},{"name":"And  The admin clicks on the login button","status":"passed","statusDetails":{"known":false,"muted":false,"flaky":false},"stage":"finished","steps":[],"attachments":[],"parameters":[],"start":1714607253080,"stop":1714607253157},{"name":"Then  the user should see the error message indicating \"\"Please enter the username in correct format\"\"","status":"failed","statusDetails":{"known":false,"muted":false,"flaky":false,"message":"Error message does not match expected:<Please enter the username in correct format> but was:<>","trace":"java.lang.AssertionError: Error message does not match expected:<Please enter the username in correct format> but was:<>\r\n\tat org.testng.AssertJUnit.assertEquals(AssertJUnit.java:115)\r\n\tat step_definitions.LoginValidation_Step.the_user_should_see_the_error_message_indicating_please_enter_the_username_in_correct_format(LoginValidation_Step.java:105)\r\n\tat ✽.the user should see the error message indicating \"\"Please enter the username in correct format\"\"(file:///D:/LMS_UI/TEAM5_Validation_Vanguards_LMS_Project/src/test/resources/features/C.LoginValidation.feature:28)\r\n"},"stage":"finished","steps":[],"attachments":[],"parameters":[],"start":1714607253158,"stop":1714607253190}],"attachments":[],"parameters":[{"name":"username","value":"hhhhh"},{"name":"password","value":"UIHackathon@02"},{"name":"errormessage","value":"\"Please enter the username in correct format\""}],"start":1714607249202,"stop":1714607254112}